<?xml version="1.0" encoding="UTF-8"?>
<testng-results ignored="0" total="1" passed="1" failed="0" skipped="0">
  <reporter-output>
  </reporter-output>
  <suite started-at="2023-01-31T00:55:53 EST" name="Default suite" finished-at="2023-01-31T00:56:16 EST" duration-ms="22741">
    <groups>
      <group name="cucumber">
        <method signature="AbstractTestNGCucumberTests.feature(cucumber.api.testng.CucumberFeatureWrapper)[pri:0, instance:com.TestRunner.qa.TestRunnerClass@7e057f43]" name="feature" class="cucumber.api.testng.AbstractTestNGCucumberTests"/>
      </group> <!-- cucumber -->
    </groups>
    <test started-at="2023-01-31T00:55:53 EST" name="Default test" finished-at="2023-01-31T00:56:16 EST" duration-ms="22741">
      <class name="com.TestRunner.qa.TestRunnerClass">
        <test-method is-config="true" signature="starrrtURL()[pri:0, instance:com.TestRunner.qa.TestRunnerClass@7e057f43]" started-at="2023-01-31T00:55:53 EST" name="starrrtURL" finished-at="2023-01-31T00:55:56 EST" duration-ms="2757" status="PASS">
          <reporter-output>
          </reporter-output>
        </test-method> <!-- starrrtURL -->
        <test-method is-config="true" signature="setUpClass()[pri:0, instance:com.TestRunner.qa.TestRunnerClass@7e057f43]" started-at="2023-01-31T00:55:56 EST" name="setUpClass" finished-at="2023-01-31T00:55:56 EST" duration-ms="175" status="PASS">
          <reporter-output>
          </reporter-output>
        </test-method> <!-- setUpClass -->
        <test-method signature="feature(cucumber.api.testng.CucumberFeatureWrapper)[pri:0, instance:com.TestRunner.qa.TestRunnerClass@7e057f43]" started-at="2023-01-31T00:55:56 EST" name="feature" description="Runs Cucumber Feature" data-provider="features" finished-at="2023-01-31T00:56:00 EST" duration-ms="3434" status="PASS">
          <params>
            <param index="0">
              <value>
                <![CDATA[This Feature file will cover Ebay All catogories Feature]]>
              </value>
            </param>
          </params>
          <reporter-output>
          </reporter-output>
        </test-method> <!-- feature -->
        <test-method is-config="true" signature="tearDownClass()[pri:0, instance:com.TestRunner.qa.TestRunnerClass@7e057f43]" started-at="2023-01-31T00:56:00 EST" name="tearDownClass" finished-at="2023-01-31T00:56:00 EST" duration-ms="11" status="PASS">
          <reporter-output>
          </reporter-output>
        </test-method> <!-- tearDownClass -->
        <test-method is-config="true" signature="closeddURL()[pri:0, instance:com.TestRunner.qa.TestRunnerClass@7e057f43]" started-at="2023-01-31T00:56:00 EST" name="closeddURL" finished-at="2023-01-31T00:56:16 EST" duration-ms="16233" status="PASS">
          <reporter-output>
          </reporter-output>
        </test-method> <!-- closeddURL -->
      </class> <!-- com.TestRunner.qa.TestRunnerClass -->
    </test> <!-- Default test -->
  </suite> <!-- Default suite -->
</testng-results>
